start
Population,1,22720000,23174400
Population,2,12878000,13135560
Population,3,8000,8160
Population,4,3401200,3469224
Population,5,78000,79560
Population,6,217000,221340
Population,7,2441000,2489820
Population,8,37032000,37772640
Population,9,3520000,3590400
Population,10,68000,69360
Population,11,0,0
Population,12,0,0
Population,13,68000,69360
Population,14,18886000,19263720
Population,15,8091800,8253636
Population,16,7734000,7888680
Population,17,6695000,6828900
Population,18,10239000,10443780
Population,19,6097000,6218940
Population,20,11937000,12175740
Population,21,129155000,131738100
Population,22,8190900,8354718
Population,23,617000,629340
Population,24,307000,313140
Population,25,3972000,4051440
Population,26,10236000,10440720
Population,27,241000,245820
Population,28,65000,66300
Population,29,8329000,8495580
Population,30,170115000,173517300
Population,31,270000,275400
Population,32,328000,334560
Population,33,2124000,2166480
Population,34,0,0
Population,35,1622000,1654440
Population,36,3615000,3687300
Population,37,31147000,31769940
Population,38,600,612
Population,39,7160400,7303608
Population,40,15211000,15515220
Population,41,1277558000,1303109160
Population,42,14786000,15081720
Population,43,15085000,15386700
Population,44,51654000,52687080
Population,45,2943000,3001860
Population,46,20000,20400
Population,47,42321000,43167420
Population,48,578000,589560
Population,49,428000,436560
Population,50,4023000,4103460
Population,51,11201000,11425020
Population,52,2500,2550
Population,53,38000,38760
Population,54,754700,769794
Population,55,10278100,10483662
Population,56,82164700,83807994
Population,57,638000,650760
Population,58,71000,72420
Population,59,5330000,5436600
Population,60,8495000,8664900
Population,61,31471000,32100420
Population,62,12646000,12898920
Population,63,68470000,69839400
Population,64,3850000,3927000
Population,65,293000,298860
Population,66,39441700,40230534
Population,67,1439200,1467984
Population,68,62565000,63816300
Population,69,5171300,5274726
Population,70,817000,833340
Population,71,2000,2040
Population,72,59225700,60410214
Population,73,43000,43860
Population,74,119000,121380
Population,75,1226000,1250520
Population,76,59623400,60815868
Population,77,4968000,5067360
Population,78,20212000,20616240
Population,79,25000,25500
Population,80,7430000,7578600
Population,81,456000,465120
Population,82,1305000,1331100
Population,83,1213000,1237260
Population,84,453000,462060
Population,85,10545700,10756614
Population,86,94000,95880
Population,87,56000,57120
Population,88,11385000,11612700
Population,89,181000,184620
Population,90,168000,171360
Population,91,861000,878220
Population,92,6782000,6917640
Population,93,0,0
Population,94,6485000,6614700
Population,95,4473000,4562460
Population,96,8222000,8386440
Population,97,10043200,10244064
Population,98,212107000,216349140
Population,99,1013662000,1033935240
Population,100,0,0
Population,101,3775100,3850602
Population,102,67702000,69056040
Population,103,23115000,23577300
Population,104,279000,284580
Population,105,6217000,6341340
Population,106,57680000,58833600
Population,107,2583000,2634660
Population,108,5083000,5184660
Population,109,126714000,129248280
Population,110,16223000,16547460
Population,111,30080000,30681600
Population,112,4699000,4792980
Population,113,11168000,11391360
Population,114,83000,84660
Population,115,38000,38760
Population,116,46844000,47780880
Population,117,1972000,2011440
Population,118,5433000,5541660
Population,119,3282000,3347640
Population,120,3154000,3217080
Population,121,5605000,5717100
Population,122,154000,157080
Population,123,32300,32946
Population,124,18827000,19203540
Population,125,2153000,2196060
Population,126,3698500,3772470
Population,127,435700,444414
Population,128,2424200,2472684
Population,129,473000,482460
Population,130,28351000,28918020
Population,131,34000,34680
Population,132,4380000,4467600
Population,133,15942000,16260840
Population,134,286000,291720
Population,135,98881000,100858620
Population,136,64000,65280
Population,137,2024000,2064480
Population,138,11234000,11458680
Population,139,380200,387804
Population,140,45611000,46523220
Population,141,2662000,2715240
Population,142,78000,79560
Population,143,19680000,20073600
Population,144,2670000,2723400
Population,145,11000,11220
Population,146,395000,402900
Population,147,1158000,1181160
Population,148,10925000,11143500
Population,149,22244000,22688880
Population,150,149000,151980
Population,151,1726000,1760520
Population,152,214000,218280
Population,153,10730000,10944600
Population,154,2000,2040
Population,155,111506000,113736120
Population,156,5074000,5175480
Population,157,2000,2040
Population,158,15864000,16181280
Population,159,4478500,4568070
Population,160,23930000,24408600
Population,161,12000,12240
Population,162,3862000,3939240
Population,163,2542000,2592840
Population,164,156483000,159612660
Population,165,2856000,2913120
Population,166,50,51
Population,167,25662000,26175240
Population,168,75967000,77486340
Population,169,19000,19380
Population,170,4807000,4903140
Population,171,38653600,39426672
Population,172,3869000,3946380
Population,173,24039000,24519780
Population,174,9997600,10197552
Population,175,5496000,5605920
Population,176,3101000,3163020
Population,177,235000,239700
Population,178,599000,610980
Population,179,699000,712980
Population,180,22455500,22904610
Population,181,146934000,149872680
Population,182,7733000,7887660
Population,183,21607000,22039140
Population,184,29490000,30079800
Population,185,9481000,9670620
Population,186,3567000,3638340
Population,187,0,0
Population,188,6000,6120
Population,189,3200,3264
Population,190,444000,452880
Population,191,4854000,4951080
Population,192,6276000,6401520
Population,193,27000,27540
Population,194,10097000,10298940
Population,195,7000,7140
Population,196,147000,149940
Population,197,417000,425340
Population,198,5398700,5506674
Population,199,1987800,2027556
Population,200,8861400,9038628
Population,201,1008000,1028160
Population,202,77000,78540
Population,203,16125000,16447500
Population,204,17000,17340
Population,205,7651000,7804020
Population,206,4629000,4721580
Population,207,61399000,62626980
Population,208,6188000,6311760
Population,209,2000,2040
Population,210,4459000,4548180
Population,211,885000,902700
Population,212,99000,100980
Population,213,1295000,1320900
Population,214,9586000,9777720
Population,215,66591000,67922820
Population,216,12000,12240
Population,217,22256000,22701120
Population,218,33517000,34187340
Population,219,21778000,22213560
Population,220,50456000,51465120
Population,221,0,0
Population,222,3337000,3403740
Population,223,278357000,283924140
Population,224,24318000,24804360
Population,225,1000,1020
Population,226,114000,116280
Population,227,24170000,24653400
Population,228,21000,21420
Population,229,93000,94860
Population,230,79832000,81428640
Population,231,190000,193800
Population,232,15000,15300
Population,233,180000,183600
Population,234,18112000,18474240
Population,235,10640000,10852800
Population,236,40377000,41184540
Population,237,9169000,9352380
Population,238,11669000,11902380
commit
